<?xml version="1.0" encoding="UTF-8"?>
<testng-results ignored="0" total="1" passed="1" failed="0" skipped="0">
  <reporter-output>
  </reporter-output>
  <suite started-at="2022-03-16T17:30:17 IST" name="Default suite" finished-at="2022-03-16T17:34:10 IST" duration-ms="233022">
    <groups>
      <group name="cucumber">
        <method signature="AbstractTestNGCucumberTests.runScenario(io.cucumber.testng.PickleWrapper, io.cucumber.testng.FeatureWrapper)[pri:0, instance:Runners.TestNGRunner@57af006c]" name="runScenario" class="io.cucumber.testng.AbstractTestNGCucumberTests"/>
      </group> <!-- cucumber -->
    </groups>
    <test started-at="2022-03-16T17:30:17 IST" name="Default test" finished-at="2022-03-16T17:34:10 IST" duration-ms="233022">
      <class name="Runners.TestNGRunner">
        <test-method is-config="true" signature="setUpClass()[pri:0, instance:Runners.TestNGRunner@57af006c]" started-at="2022-03-16T17:30:17 IST" name="setUpClass" finished-at="2022-03-16T17:30:18 IST" duration-ms="392" status="PASS">
          <reporter-output>
          </reporter-output>
        </test-method> <!-- setUpClass -->
        <test-method signature="runScenario(io.cucumber.testng.PickleWrapper, io.cucumber.testng.FeatureWrapper)[pri:0, instance:Runners.TestNGRunner@57af006c]" started-at="2022-03-16T17:30:18 IST" name="runScenario" description="Runs Cucumber Scenarios" data-provider="scenarios" finished-at="2022-03-16T17:34:09 IST" duration-ms="231507" status="PASS">
          <params>
            <param index="0">
              <value>
                <![CDATA["Validate login and logout functionality"]]>
              </value>
            </param>
            <param index="1">
              <value>
                <![CDATA["Login Logout functionality"]]>
              </value>
            </param>
          </params>
          <reporter-output>
          </reporter-output>
        </test-method> <!-- runScenario -->
        <test-method is-config="true" signature="tearDownClass()[pri:0, instance:Runners.TestNGRunner@57af006c]" started-at="2022-03-16T17:34:09 IST" name="tearDownClass" finished-at="2022-03-16T17:34:10 IST" duration-ms="1086" status="PASS">
          <reporter-output>
          </reporter-output>
        </test-method> <!-- tearDownClass -->
      </class> <!-- Runners.TestNGRunner -->
    </test> <!-- Default test -->
  </suite> <!-- Default suite -->
</testng-results>
